2025-02-04 00:00:23 [Eureka-EvictionTimer] INFO  c.n.e.r.AbstractInstanceRegistry - Running the evict task with compensationTime 8ms
2025-02-04 00:01:23 [Eureka-EvictionTimer] INFO  c.n.e.r.AbstractInstanceRegistry - Running the evict task with compensationTime 6ms
2025-02-04 00:02:23 [Eureka-EvictionTimer] INFO  c.n.e.r.AbstractInstanceRegistry - Running the evict task with compensationTime 9ms
2025-02-04 00:03:23 [Eureka-EvictionTimer] INFO  c.n.e.r.AbstractInstanceRegistry - Running the evict task with compensationTime 7ms
2025-02-04 00:04:23 [Eureka-EvictionTimer] INFO  c.n.e.r.AbstractInstanceRegistry - Running the evict task with compensationTime 0ms
2025-02-04 00:05:23 [Eureka-EvictionTimer] INFO  c.n.e.r.AbstractInstanceRegistry - Running the evict task with compensationTime 0ms
2025-02-04 00:06:23 [Eureka-EvictionTimer] INFO  c.n.e.r.AbstractInstanceRegistry - Running the evict task with compensationTime 0ms
2025-02-04 00:07:23 [ReplicaAwareInstanceRegistry - RenewalThresholdUpdater] INFO  c.n.e.r.PeerAwareInstanceRegistryImpl - Current renewal threshold is : 3
2025-02-04 00:07:23 [Eureka-EvictionTimer] INFO  c.n.e.r.AbstractInstanceRegistry - Running the evict task with compensationTime 0ms
2025-02-04 00:08:23 [Eureka-EvictionTimer] INFO  c.n.e.r.AbstractInstanceRegistry - Running the evict task with compensationTime 0ms
2025-02-04 00:08:26 [http-nio-8761-exec-3] INFO  c.n.e.r.AbstractInstanceRegistry - Registered instance USER-SERVICE/LTIN560762.cts.com:user-service:8087 with status UP (replication=false)
2025-02-04 00:08:26 [http-nio-8761-exec-2] INFO  c.n.e.r.AbstractInstanceRegistry - Registered instance USER-SERVICE/LTIN560762.cts.com:user-service:8087 with status UP (replication=true)
2025-02-04 00:08:28 [http-nio-8761-exec-6] INFO  c.n.e.r.AbstractInstanceRegistry - Registered instance BOOK-SERVICE/LTIN560762.cts.com:book-service:8086 with status UP (replication=false)
2025-02-04 00:08:28 [http-nio-8761-exec-8] INFO  c.n.e.r.AbstractInstanceRegistry - Registered instance BOOK-SERVICE/LTIN560762.cts.com:book-service:8086 with status UP (replication=true)
2025-02-04 00:08:28 [http-nio-8761-exec-9] INFO  c.n.e.r.AbstractInstanceRegistry - Registered instance ADMIN-SERVICE/LTIN560762.cts.com:admin-service:8085 with status UP (replication=false)
2025-02-04 00:08:29 [http-nio-8761-exec-1] INFO  c.n.e.r.AbstractInstanceRegistry - Registered instance ADMIN-SERVICE/LTIN560762.cts.com:admin-service:8085 with status UP (replication=true)
2025-02-04 00:09:23 [Eureka-EvictionTimer] INFO  c.n.e.r.AbstractInstanceRegistry - Running the evict task with compensationTime 0ms
2025-02-04 00:10:00 [http-nio-8761-exec-6] INFO  c.n.e.r.AbstractInstanceRegistry - Registered instance BOOK-SERVICE/LTIN560762.cts.com:book-service:8086 with status DOWN (replication=false)
2025-02-04 00:10:01 [http-nio-8761-exec-9] INFO  c.n.e.r.AbstractInstanceRegistry - Registered instance BOOK-SERVICE/LTIN560762.cts.com:book-service:8086 with status DOWN (replication=true)
2025-02-04 00:10:03 [http-nio-8761-exec-7] INFO  c.n.e.r.AbstractInstanceRegistry - Cancelled instance BOOK-SERVICE/LTIN560762.cts.com:book-service:8086 (replication=false)
2025-02-04 00:10:04 [http-nio-8761-exec-2] WARN  c.n.e.r.AbstractInstanceRegistry - DS: Registry: cancel failed because Lease is not registered for: BOOK-SERVICE/LTIN560762.cts.com:book-service:8086
2025-02-04 00:10:04 [http-nio-8761-exec-2] INFO  c.n.e.resources.InstanceResource - Not Found (Cancel): BOOK-SERVICE - LTIN560762.cts.com:book-service:8086
2025-02-04 00:10:04 [TaskBatchingWorker-target_localhost-12] WARN  c.n.eureka.cluster.ReplicationTask - The replication of task BOOK-SERVICE/LTIN560762.cts.com:book-service:8086:Cancel@localhost failed with response code 404
2025-02-04 00:10:04 [TaskBatchingWorker-target_localhost-12] WARN  c.n.eureka.cluster.PeerEurekaNode - BOOK-SERVICE/LTIN560762.cts.com:book-service:8086:Cancel@localhost: missing entry.
2025-02-04 00:10:06 [http-nio-8761-exec-10] INFO  c.n.e.r.AbstractInstanceRegistry - Registered instance BOOK-SERVICE/LTIN560762.cts.com:book-service:8086 with status UP (replication=false)
2025-02-04 00:10:06 [http-nio-8761-exec-4] INFO  c.n.e.r.AbstractInstanceRegistry - Registered instance BOOK-SERVICE/LTIN560762.cts.com:book-service:8086 with status UP (replication=true)
2025-02-04 00:10:17 [http-nio-8761-exec-8] INFO  c.n.e.r.AbstractInstanceRegistry - Registered instance BOOK-SERVICE/LTIN560762.cts.com:book-service:8086 with status DOWN (replication=false)
2025-02-04 00:10:17 [http-nio-8761-exec-6] INFO  c.n.e.r.AbstractInstanceRegistry - Cancelled instance BOOK-SERVICE/LTIN560762.cts.com:book-service:8086 (replication=false)
2025-02-04 00:10:18 [http-nio-8761-exec-3] INFO  c.n.e.r.AbstractInstanceRegistry - Registered instance BOOK-SERVICE/LTIN560762.cts.com:book-service:8086 with status DOWN (replication=true)
2025-02-04 00:10:18 [http-nio-8761-exec-3] INFO  c.n.e.r.AbstractInstanceRegistry - Cancelled instance BOOK-SERVICE/LTIN560762.cts.com:book-service:8086 (replication=true)
2025-02-04 00:10:19 [http-nio-8761-exec-2] INFO  c.n.e.r.AbstractInstanceRegistry - Registered instance BOOK-SERVICE/LTIN560762.cts.com:book-service:8086 with status UP (replication=false)
2025-02-04 00:10:19 [http-nio-8761-exec-5] INFO  c.n.e.r.AbstractInstanceRegistry - Registered instance BOOK-SERVICE/LTIN560762.cts.com:book-service:8086 with status UP (replication=true)
2025-02-04 00:10:23 [Eureka-EvictionTimer] INFO  c.n.e.r.AbstractInstanceRegistry - Running the evict task with compensationTime 0ms
2025-02-04 00:10:34 [http-nio-8761-exec-4] INFO  c.n.e.r.AbstractInstanceRegistry - Registered instance ADMIN-SERVICE/LTIN560762.cts.com:admin-service:8085 with status DOWN (replication=false)
2025-02-04 00:10:35 [http-nio-8761-exec-10] INFO  c.n.e.r.AbstractInstanceRegistry - Registered instance ADMIN-SERVICE/LTIN560762.cts.com:admin-service:8085 with status DOWN (replication=true)
2025-02-04 00:10:37 [http-nio-8761-exec-8] INFO  c.n.e.r.AbstractInstanceRegistry - Cancelled instance ADMIN-SERVICE/LTIN560762.cts.com:admin-service:8085 (replication=false)
2025-02-04 00:10:38 [http-nio-8761-exec-7] WARN  c.n.e.r.AbstractInstanceRegistry - DS: Registry: cancel failed because Lease is not registered for: ADMIN-SERVICE/LTIN560762.cts.com:admin-service:8085
2025-02-04 00:10:38 [http-nio-8761-exec-7] INFO  c.n.e.resources.InstanceResource - Not Found (Cancel): ADMIN-SERVICE - LTIN560762.cts.com:admin-service:8085
2025-02-04 00:10:38 [TaskBatchingWorker-target_localhost-14] WARN  c.n.eureka.cluster.ReplicationTask - The replication of task ADMIN-SERVICE/LTIN560762.cts.com:admin-service:8085:Cancel@localhost failed with response code 404
2025-02-04 00:10:38 [TaskBatchingWorker-target_localhost-14] WARN  c.n.eureka.cluster.PeerEurekaNode - ADMIN-SERVICE/LTIN560762.cts.com:admin-service:8085:Cancel@localhost: missing entry.
2025-02-04 00:10:39 [http-nio-8761-exec-1] INFO  c.n.e.r.AbstractInstanceRegistry - Registered instance ADMIN-SERVICE/LTIN560762.cts.com:admin-service:8085 with status UP (replication=false)
2025-02-04 00:10:39 [http-nio-8761-exec-2] INFO  c.n.e.r.AbstractInstanceRegistry - Registered instance ADMIN-SERVICE/LTIN560762.cts.com:admin-service:8085 with status UP (replication=true)
2025-02-04 00:10:56 [http-nio-8761-exec-8] INFO  c.n.e.r.AbstractInstanceRegistry - Registered instance USER-SERVICE/LTIN560762.cts.com:user-service:8087 with status DOWN (replication=false)
2025-02-04 00:10:56 [http-nio-8761-exec-7] INFO  c.n.e.r.AbstractInstanceRegistry - Registered instance USER-SERVICE/LTIN560762.cts.com:user-service:8087 with status DOWN (replication=true)
2025-02-04 00:10:59 [http-nio-8761-exec-5] INFO  c.n.e.r.AbstractInstanceRegistry - Cancelled instance USER-SERVICE/LTIN560762.cts.com:user-service:8087 (replication=false)
2025-02-04 00:10:59 [http-nio-8761-exec-8] WARN  c.n.e.r.AbstractInstanceRegistry - DS: Registry: cancel failed because Lease is not registered for: USER-SERVICE/LTIN560762.cts.com:user-service:8087
2025-02-04 00:10:59 [http-nio-8761-exec-8] INFO  c.n.e.resources.InstanceResource - Not Found (Cancel): USER-SERVICE - LTIN560762.cts.com:user-service:8087
2025-02-04 00:10:59 [TaskBatchingWorker-target_localhost-0] WARN  c.n.eureka.cluster.ReplicationTask - The replication of task USER-SERVICE/LTIN560762.cts.com:user-service:8087:Cancel@localhost failed with response code 404
2025-02-04 00:10:59 [TaskBatchingWorker-target_localhost-0] WARN  c.n.eureka.cluster.PeerEurekaNode - USER-SERVICE/LTIN560762.cts.com:user-service:8087:Cancel@localhost: missing entry.
2025-02-04 00:11:01 [http-nio-8761-exec-9] INFO  c.n.e.r.AbstractInstanceRegistry - Registered instance USER-SERVICE/LTIN560762.cts.com:user-service:8087 with status UP (replication=false)
2025-02-04 00:11:01 [http-nio-8761-exec-7] INFO  c.n.e.r.AbstractInstanceRegistry - Registered instance USER-SERVICE/LTIN560762.cts.com:user-service:8087 with status UP (replication=true)
2025-02-04 00:11:04 [http-nio-8761-exec-3] INFO  c.n.e.r.AbstractInstanceRegistry - Registered instance USER-SERVICE/LTIN560762.cts.com:user-service:8087 with status DOWN (replication=false)
2025-02-04 00:11:04 [http-nio-8761-exec-1] INFO  c.n.e.r.AbstractInstanceRegistry - Registered instance USER-SERVICE/LTIN560762.cts.com:user-service:8087 with status DOWN (replication=true)
2025-02-04 00:11:07 [http-nio-8761-exec-2] INFO  c.n.e.r.AbstractInstanceRegistry - Cancelled instance USER-SERVICE/LTIN560762.cts.com:user-service:8087 (replication=false)
2025-02-04 00:11:07 [http-nio-8761-exec-4] WARN  c.n.e.r.AbstractInstanceRegistry - DS: Registry: cancel failed because Lease is not registered for: USER-SERVICE/LTIN560762.cts.com:user-service:8087
2025-02-04 00:11:07 [http-nio-8761-exec-4] INFO  c.n.e.resources.InstanceResource - Not Found (Cancel): USER-SERVICE - LTIN560762.cts.com:user-service:8087
2025-02-04 00:11:07 [TaskBatchingWorker-target_localhost-4] WARN  c.n.eureka.cluster.ReplicationTask - The replication of task USER-SERVICE/LTIN560762.cts.com:user-service:8087:Cancel@localhost failed with response code 404
2025-02-04 00:11:07 [TaskBatchingWorker-target_localhost-4] WARN  c.n.eureka.cluster.PeerEurekaNode - USER-SERVICE/LTIN560762.cts.com:user-service:8087:Cancel@localhost: missing entry.
2025-02-04 00:11:08 [http-nio-8761-exec-6] INFO  c.n.e.r.AbstractInstanceRegistry - Registered instance USER-SERVICE/LTIN560762.cts.com:user-service:8087 with status UP (replication=false)
2025-02-04 00:11:09 [http-nio-8761-exec-9] INFO  c.n.e.r.AbstractInstanceRegistry - Registered instance USER-SERVICE/LTIN560762.cts.com:user-service:8087 with status UP (replication=true)
2025-02-04 00:11:23 [Eureka-EvictionTimer] INFO  c.n.e.r.AbstractInstanceRegistry - Running the evict task with compensationTime 0ms
2025-02-04 00:12:23 [Eureka-EvictionTimer] INFO  c.n.e.r.AbstractInstanceRegistry - Running the evict task with compensationTime 0ms
2025-02-04 00:13:23 [Eureka-EvictionTimer] INFO  c.n.e.r.AbstractInstanceRegistry - Running the evict task with compensationTime 0ms
2025-02-04 00:13:32 [http-nio-8761-exec-8] INFO  c.n.e.r.AbstractInstanceRegistry - Registered instance APIGATEWAY/LTIN560762.cts.com:apigateway:8084 with status DOWN (replication=false)
2025-02-04 00:13:32 [RMI TCP Connection(33)-127.0.0.1] INFO  o.s.b.a.SpringApplicationAdminMXBeanRegistrar$SpringApplicationAdmin - Application shutdown requested.
2025-02-04 00:13:32 [RMI TCP Connection(33)-127.0.0.1] INFO  o.s.c.n.e.s.EurekaServiceRegistry - Unregistering application EUREKASERVER with eureka with status DOWN
2025-02-04 00:13:32 [RMI TCP Connection(33)-127.0.0.1] INFO  o.s.b.w.e.tomcat.GracefulShutdown - Commencing graceful shutdown. Waiting for active requests to complete
2025-02-04 00:13:32 [http-nio-8761-exec-9] INFO  c.n.e.r.AbstractInstanceRegistry - Registered instance ADMIN-SERVICE/LTIN560762.cts.com:admin-service:8085 with status DOWN (replication=false)
2025-02-04 00:13:32 [tomcat-shutdown] INFO  o.a.coyote.http11.Http11NioProtocol - Pausing ProtocolHandler ["http-nio-8761"]
2025-02-04 00:13:32 [http-nio-8761-exec-7] INFO  c.n.e.r.AbstractInstanceRegistry - Registered instance BOOK-SERVICE/LTIN560762.cts.com:book-service:8086 with status DOWN (replication=false)
2025-02-04 00:13:32 [http-nio-8761-exec-3] INFO  c.n.e.r.AbstractInstanceRegistry - Registered instance USER-SERVICE/LTIN560762.cts.com:user-service:8087 with status DOWN (replication=false)
2025-02-04 00:13:32 [tomcat-shutdown] INFO  o.s.b.w.e.tomcat.GracefulShutdown - Graceful shutdown complete
2025-02-04 00:13:32 [RMI TCP Connection(33)-127.0.0.1] INFO  o.a.coyote.http11.Http11NioProtocol - Stopping ProtocolHandler ["http-nio-8761"]
2025-02-04 00:13:32 [RMI TCP Connection(33)-127.0.0.1] INFO  o.s.c.n.e.s.EurekaServerBootstrap - Shutting down Eureka Server..
2025-02-04 00:13:32 [RMI TCP Connection(33)-127.0.0.1] INFO  c.n.e.DefaultEurekaServerContext - Shutting down ...
2025-02-04 00:13:32 [Eureka-Jersey3Client-Conn-Cleaner2] ERROR c.n.d.s.t.j.EurekaJersey3ClientImpl - Cannot clean connections
java.lang.IllegalStateException: Client instance has been closed.
	at org.glassfish.jersey.internal.guava.Preconditions.checkState(Preconditions.java:169)
	at org.glassfish.jersey.client.JerseyClient.checkNotClosed(JerseyClient.java:248)
	at org.glassfish.jersey.client.JerseyClient.getConfiguration(JerseyClient.java:363)
	at org.glassfish.jersey.client.JerseyClient.getConfiguration(JerseyClient.java:54)
	at com.netflix.discovery.shared.transport.jersey3.EurekaJersey3ClientImpl$ConnectionCleanerTask.run(EurekaJersey3ClientImpl.java:338)
	at java.base/java.util.concurrent.Executors$RunnableAdapter.call(Executors.java:572)
	at java.base/java.util.concurrent.FutureTask.run(FutureTask.java:317)
	at java.base/java.util.concurrent.ScheduledThreadPoolExecutor$ScheduledFutureTask.run(ScheduledThreadPoolExecutor.java:304)
	at java.base/java.util.concurrent.ThreadPoolExecutor.runWorker(ThreadPoolExecutor.java:1144)
	at java.base/java.util.concurrent.ThreadPoolExecutor$Worker.run(ThreadPoolExecutor.java:642)
	at java.base/java.lang.Thread.run(Thread.java:1583)
2025-02-04 00:13:32 [RMI TCP Connection(33)-127.0.0.1] INFO  c.n.e.DefaultEurekaServerContext - Shut down
2025-02-04 00:13:32 [RMI TCP Connection(33)-127.0.0.1] INFO  o.s.c.n.e.s.EurekaServerBootstrap - Eureka Service is now shutdown...
2025-02-04 00:13:32 [RMI TCP Connection(33)-127.0.0.1] INFO  c.n.e.DefaultEurekaServerContext - Shutting down ...
2025-02-04 00:13:32 [RMI TCP Connection(33)-127.0.0.1] INFO  c.n.e.DefaultEurekaServerContext - Shut down
2025-02-04 00:13:32 [RMI TCP Connection(33)-127.0.0.1] INFO  c.netflix.discovery.DiscoveryClient - Shutting down DiscoveryClient ...
2025-02-04 00:13:32 [RMI TCP Connection(33)-127.0.0.1] INFO  c.netflix.discovery.DiscoveryClient - Completed shut down of DiscoveryClient
2025-02-04 00:13:39 [main] INFO  c.e.demo.EurekaServerApplication - Starting EurekaServerApplication using Java 21.0.5 with PID 16984 (C:\Users\2380230\git\repository8\EurekaServer\target\classes started by 2380230 in C:\Users\2380230\git\repository8\EurekaServer)
2025-02-04 00:13:39 [main] DEBUG c.e.demo.EurekaServerApplication - Running with Spring Boot v3.4.2, Spring v6.2.2
2025-02-04 00:13:39 [main] INFO  c.e.demo.EurekaServerApplication - No active profile set, falling back to 1 default profile: "default"
2025-02-04 00:13:41 [main] INFO  o.s.cloud.context.scope.GenericScope - BeanFactory id=78ac7b21-bec9-3f11-b9d5-811c6e056ee9
2025-02-04 00:13:41 [main] INFO  o.s.b.w.e.tomcat.TomcatWebServer - Tomcat initialized with port 8761 (http)
2025-02-04 00:13:41 [main] INFO  o.a.coyote.http11.Http11NioProtocol - Initializing ProtocolHandler ["http-nio-8761"]
2025-02-04 00:13:41 [main] INFO  o.a.catalina.core.StandardService - Starting service [Tomcat]
2025-02-04 00:13:41 [main] INFO  o.a.catalina.core.StandardEngine - Starting Servlet engine: [Apache Tomcat/10.1.34]
2025-02-04 00:13:41 [main] INFO  o.a.c.c.C.[Tomcat].[localhost].[/] - Initializing Spring embedded WebApplicationContext
2025-02-04 00:13:41 [main] INFO  o.s.b.w.s.c.ServletWebServerApplicationContext - Root WebApplicationContext: initialization completed in 2512 ms
2025-02-04 00:13:43 [main] INFO  c.n.d.p.DiscoveryJerseyProvider - Using JSON encoding codec LegacyJacksonJson
2025-02-04 00:13:43 [main] INFO  c.n.d.p.DiscoveryJerseyProvider - Using JSON decoding codec LegacyJacksonJson
2025-02-04 00:13:43 [main] INFO  c.n.d.p.DiscoveryJerseyProvider - Using XML encoding codec XStreamXml
2025-02-04 00:13:43 [main] INFO  c.n.d.p.DiscoveryJerseyProvider - Using XML decoding codec XStreamXml
2025-02-04 00:13:44 [main] INFO  o.s.v.b.OptionalValidatorFactoryBean - Failed to set up a Bean Validation provider: jakarta.validation.NoProviderFoundException: Unable to create a Configuration, because no Jakarta Bean Validation provider could be found. Add a provider like Hibernate Validator (RI) to your classpath.
2025-02-04 00:13:46 [main] WARN  o.s.c.l.c.LoadBalancerCacheAutoConfiguration$LoadBalancerCaffeineWarnLogger - Spring Cloud LoadBalancer is currently working with the default cache. While this cache implementation is useful for development and tests, it's recommended to use Caffeine cache in production.You can switch to using Caffeine cache, by adding it and org.springframework.cache.caffeine.CaffeineCacheManager to the classpath.
2025-02-04 00:13:46 [main] INFO  o.s.c.n.eureka.InstanceInfoFactory - Setting initial instance status as: STARTING
2025-02-04 00:13:46 [main] INFO  c.netflix.discovery.DiscoveryClient - Initializing Eureka in region us-east-1
2025-02-04 00:13:46 [main] INFO  c.netflix.discovery.DiscoveryClient - Client configured to neither register nor query for data.
2025-02-04 00:13:46 [main] INFO  c.netflix.discovery.DiscoveryClient - Discovery Client initialized at timestamp 1738608226440 with initial instances count: 0
2025-02-04 00:13:46 [main] INFO  c.n.e.DefaultEurekaServerContext - Initializing ...
2025-02-04 00:13:46 [main] INFO  c.n.eureka.cluster.PeerEurekaNodes - Adding new peer nodes [http://localhost:8761/eureka/]
2025-02-04 00:13:46 [main] INFO  c.n.d.p.DiscoveryJerseyProvider - Using JSON encoding codec LegacyJacksonJson
2025-02-04 00:13:46 [main] INFO  c.n.d.p.DiscoveryJerseyProvider - Using JSON decoding codec LegacyJacksonJson
2025-02-04 00:13:46 [main] INFO  c.n.d.p.DiscoveryJerseyProvider - Using XML encoding codec XStreamXml
2025-02-04 00:13:46 [main] INFO  c.n.d.p.DiscoveryJerseyProvider - Using XML decoding codec XStreamXml
2025-02-04 00:13:46 [main] INFO  c.n.eureka.cluster.PeerEurekaNodes - Replica node URL:  http://localhost:8761/eureka/
2025-02-04 00:13:46 [main] INFO  c.n.e.r.AbstractInstanceRegistry - Finished initializing remote region registries. All known remote regions: []
2025-02-04 00:13:46 [main] INFO  c.n.e.DefaultEurekaServerContext - Initialized
2025-02-04 00:13:46 [main] INFO  o.s.b.a.e.web.EndpointLinksResolver - Exposing 1 endpoint beneath base path '/actuator'
2025-02-04 00:13:46 [main] INFO  o.s.c.n.e.s.EurekaServiceRegistry - Registering application EUREKASERVER with eureka with status UP
2025-02-04 00:13:46 [main] INFO  o.a.coyote.http11.Http11NioProtocol - Starting ProtocolHandler ["http-nio-8761"]
2025-02-04 00:13:46 [Thread-9] INFO  o.s.c.n.e.s.EurekaServerBootstrap - isAws returned false
2025-02-04 00:13:46 [Thread-9] INFO  o.s.c.n.e.s.EurekaServerBootstrap - Initialized server context
2025-02-04 00:13:46 [Thread-9] INFO  c.n.e.r.PeerAwareInstanceRegistryImpl - Got 1 instances from neighboring DS node
2025-02-04 00:13:46 [Thread-9] INFO  c.n.e.r.PeerAwareInstanceRegistryImpl - Renew threshold is: 1
2025-02-04 00:13:46 [Thread-9] INFO  c.n.e.r.PeerAwareInstanceRegistryImpl - Changing status to UP
2025-02-04 00:13:46 [Thread-9] INFO  o.s.c.n.e.s.EurekaServerInitializerConfiguration - Started Eureka Server
2025-02-04 00:13:46 [main] INFO  o.s.b.w.e.tomcat.TomcatWebServer - Tomcat started on port 8761 (http) with context path '/'
2025-02-04 00:13:46 [main] INFO  o.s.c.n.e.s.EurekaAutoServiceRegistration - Updating port to 8761
2025-02-04 00:13:46 [main] INFO  c.e.demo.EurekaServerApplication - Started EurekaServerApplication in 8.167 seconds (process running for 9.497)
2025-02-04 00:13:47 [RMI TCP Connection(8)-127.0.0.1] INFO  o.a.c.c.C.[Tomcat].[localhost].[/] - Initializing Spring DispatcherServlet 'dispatcherServlet'
2025-02-04 00:13:47 [RMI TCP Connection(8)-127.0.0.1] INFO  o.s.web.servlet.DispatcherServlet - Initializing Servlet 'dispatcherServlet'
2025-02-04 00:13:47 [RMI TCP Connection(8)-127.0.0.1] INFO  o.s.web.servlet.DispatcherServlet - Completed initialization in 2 ms
2025-02-04 00:13:59 [http-nio-8761-exec-2] INFO  c.n.e.r.AbstractInstanceRegistry - Registered instance USER-SERVICE/LTIN560762.cts.com:user-service:8087 with status UP (replication=false)
2025-02-04 00:14:00 [http-nio-8761-exec-3] INFO  c.n.e.r.AbstractInstanceRegistry - Registered instance USER-SERVICE/LTIN560762.cts.com:user-service:8087 with status UP (replication=true)
2025-02-04 00:14:00 [http-nio-8761-exec-5] INFO  c.n.e.r.AbstractInstanceRegistry - Registered instance BOOK-SERVICE/LTIN560762.cts.com:book-service:8086 with status UP (replication=false)
2025-02-04 00:14:01 [http-nio-8761-exec-7] INFO  c.n.e.r.AbstractInstanceRegistry - Registered instance BOOK-SERVICE/LTIN560762.cts.com:book-service:8086 with status UP (replication=true)
2025-02-04 00:14:01 [http-nio-8761-exec-8] INFO  c.n.e.r.AbstractInstanceRegistry - Registered instance ADMIN-SERVICE/LTIN560762.cts.com:admin-service:8085 with status UP (replication=false)
2025-02-04 00:14:01 [http-nio-8761-exec-9] INFO  c.n.e.r.AbstractInstanceRegistry - Registered instance ADMIN-SERVICE/LTIN560762.cts.com:admin-service:8085 with status UP (replication=true)
2025-02-04 00:14:46 [Eureka-EvictionTimer] INFO  c.n.e.r.AbstractInstanceRegistry - Running the evict task with compensationTime 0ms
2025-02-04 00:15:46 [Eureka-EvictionTimer] INFO  c.n.e.r.AbstractInstanceRegistry - Running the evict task with compensationTime 1ms
2025-02-04 00:16:46 [Eureka-EvictionTimer] INFO  c.n.e.r.AbstractInstanceRegistry - Running the evict task with compensationTime 0ms
2025-02-04 00:17:46 [Eureka-EvictionTimer] INFO  c.n.e.r.AbstractInstanceRegistry - Running the evict task with compensationTime 14ms
2025-02-04 00:18:46 [Eureka-EvictionTimer] INFO  c.n.e.r.AbstractInstanceRegistry - Running the evict task with compensationTime 0ms
2025-02-04 00:19:46 [Eureka-EvictionTimer] INFO  c.n.e.r.AbstractInstanceRegistry - Running the evict task with compensationTime 2ms
2025-02-04 00:20:46 [Eureka-EvictionTimer] INFO  c.n.e.r.AbstractInstanceRegistry - Running the evict task with compensationTime 6ms
2025-02-04 00:21:36 [http-nio-8761-exec-1] INFO  c.n.e.r.AbstractInstanceRegistry - Registered instance APIGATEWAY/LTIN560762.cts.com:apigateway:8084 with status UP (replication=false)
2025-02-04 00:21:37 [http-nio-8761-exec-6] INFO  c.n.e.r.AbstractInstanceRegistry - Registered instance APIGATEWAY/LTIN560762.cts.com:apigateway:8084 with status UP (replication=true)
2025-02-04 00:21:46 [Eureka-EvictionTimer] INFO  c.n.e.r.AbstractInstanceRegistry - Running the evict task with compensationTime 0ms
2025-02-04 00:22:46 [Eureka-EvictionTimer] INFO  c.n.e.r.AbstractInstanceRegistry - Running the evict task with compensationTime 7ms
2025-02-04 00:23:46 [Eureka-EvictionTimer] INFO  c.n.e.r.AbstractInstanceRegistry - Running the evict task with compensationTime 0ms
2025-02-04 00:24:46 [Eureka-EvictionTimer] INFO  c.n.e.r.AbstractInstanceRegistry - Running the evict task with compensationTime 1ms
2025-02-04 00:25:46 [Eureka-EvictionTimer] INFO  c.n.e.r.AbstractInstanceRegistry - Running the evict task with compensationTime 0ms
2025-02-04 00:26:46 [Eureka-EvictionTimer] INFO  c.n.e.r.AbstractInstanceRegistry - Running the evict task with compensationTime 1ms
2025-02-04 00:27:42 [http-nio-8761-exec-4] INFO  c.n.e.r.AbstractInstanceRegistry - Registered instance ADMIN-SERVICE/LTIN560762.cts.com:admin-service:9091 with status UP (replication=false)
2025-02-04 00:27:42 [http-nio-8761-exec-5] INFO  c.n.e.r.AbstractInstanceRegistry - Registered instance ADMIN-SERVICE/LTIN560762.cts.com:admin-service:9091 with status UP (replication=true)
2025-02-04 00:27:46 [Eureka-EvictionTimer] INFO  c.n.e.r.AbstractInstanceRegistry - Running the evict task with compensationTime 0ms
2025-02-04 00:28:46 [ReplicaAwareInstanceRegistry - RenewalThresholdUpdater] INFO  c.n.e.r.PeerAwareInstanceRegistryImpl - Current renewal threshold is : 10
2025-02-04 00:28:46 [Eureka-EvictionTimer] INFO  c.n.e.r.AbstractInstanceRegistry - Running the evict task with compensationTime 11ms
2025-02-04 00:29:46 [Eureka-EvictionTimer] INFO  c.n.e.r.AbstractInstanceRegistry - Running the evict task with compensationTime 7ms
2025-02-04 00:30:46 [Eureka-EvictionTimer] INFO  c.n.e.r.AbstractInstanceRegistry - Running the evict task with compensationTime 8ms
2025-02-04 00:31:46 [http-nio-8761-exec-8] INFO  c.n.e.r.AbstractInstanceRegistry - Registered instance BOOK-SERVICE/LTIN560762.cts.com:book-service:8086 with status DOWN (replication=false)
2025-02-04 00:31:46 [Eureka-EvictionTimer] INFO  c.n.e.r.AbstractInstanceRegistry - Running the evict task with compensationTime 0ms
2025-02-04 00:31:47 [http-nio-8761-exec-4] INFO  c.n.e.r.AbstractInstanceRegistry - Registered instance BOOK-SERVICE/LTIN560762.cts.com:book-service:8086 with status DOWN (replication=true)
2025-02-04 00:31:49 [http-nio-8761-exec-10] INFO  c.n.e.r.AbstractInstanceRegistry - Cancelled instance BOOK-SERVICE/LTIN560762.cts.com:book-service:8086 (replication=false)
2025-02-04 00:31:50 [http-nio-8761-exec-5] WARN  c.n.e.r.AbstractInstanceRegistry - DS: Registry: cancel failed because Lease is not registered for: BOOK-SERVICE/LTIN560762.cts.com:book-service:8086
2025-02-04 00:31:50 [http-nio-8761-exec-5] INFO  c.n.e.resources.InstanceResource - Not Found (Cancel): BOOK-SERVICE - LTIN560762.cts.com:book-service:8086
2025-02-04 00:31:50 [TaskBatchingWorker-target_localhost-0] WARN  c.n.eureka.cluster.ReplicationTask - The replication of task BOOK-SERVICE/LTIN560762.cts.com:book-service:8086:Cancel@localhost failed with response code 404
2025-02-04 00:31:50 [TaskBatchingWorker-target_localhost-0] WARN  c.n.eureka.cluster.PeerEurekaNode - BOOK-SERVICE/LTIN560762.cts.com:book-service:8086:Cancel@localhost: missing entry.
2025-02-04 00:31:51 [http-nio-8761-exec-2] INFO  c.n.e.r.AbstractInstanceRegistry - Registered instance BOOK-SERVICE/LTIN560762.cts.com:book-service:8086 with status UP (replication=false)
2025-02-04 00:31:52 [http-nio-8761-exec-7] INFO  c.n.e.r.AbstractInstanceRegistry - Registered instance BOOK-SERVICE/LTIN560762.cts.com:book-service:8086 with status UP (replication=true)
2025-02-04 00:32:35 [http-nio-8761-exec-8] INFO  c.n.e.r.AbstractInstanceRegistry - Registered instance ADMIN-SERVICE/LTIN560762.cts.com:admin-service:8085 with status DOWN (replication=false)
2025-02-04 00:32:35 [http-nio-8761-exec-4] INFO  c.n.e.r.AbstractInstanceRegistry - Registered instance ADMIN-SERVICE/LTIN560762.cts.com:admin-service:8085 with status DOWN (replication=true)
2025-02-04 00:32:35 [http-nio-8761-exec-1] INFO  c.n.e.r.AbstractInstanceRegistry - Registered instance ADMIN-SERVICE/LTIN560762.cts.com:admin-service:9091 with status DOWN (replication=false)
2025-02-04 00:32:36 [http-nio-8761-exec-10] INFO  c.n.e.r.AbstractInstanceRegistry - Registered instance ADMIN-SERVICE/LTIN560762.cts.com:admin-service:9091 with status DOWN (replication=true)
2025-02-04 00:32:38 [http-nio-8761-exec-2] INFO  c.n.e.r.AbstractInstanceRegistry - Cancelled instance ADMIN-SERVICE/LTIN560762.cts.com:admin-service:8085 (replication=false)
2025-02-04 00:32:38 [http-nio-8761-exec-8] WARN  c.n.e.r.AbstractInstanceRegistry - DS: Registry: cancel failed because Lease is not registered for: ADMIN-SERVICE/LTIN560762.cts.com:admin-service:8085
2025-02-04 00:32:38 [http-nio-8761-exec-8] INFO  c.n.e.resources.InstanceResource - Not Found (Cancel): ADMIN-SERVICE - LTIN560762.cts.com:admin-service:8085
2025-02-04 00:32:38 [TaskBatchingWorker-target_localhost-7] WARN  c.n.eureka.cluster.ReplicationTask - The replication of task ADMIN-SERVICE/LTIN560762.cts.com:admin-service:8085:Cancel@localhost failed with response code 404
2025-02-04 00:32:38 [TaskBatchingWorker-target_localhost-7] WARN  c.n.eureka.cluster.PeerEurekaNode - ADMIN-SERVICE/LTIN560762.cts.com:admin-service:8085:Cancel@localhost: missing entry.
2025-02-04 00:32:38 [http-nio-8761-exec-4] INFO  c.n.e.r.AbstractInstanceRegistry - Cancelled instance ADMIN-SERVICE/LTIN560762.cts.com:admin-service:9091 (replication=false)
2025-02-04 00:32:39 [http-nio-8761-exec-9] WARN  c.n.e.r.AbstractInstanceRegistry - DS: Registry: cancel failed because Lease is not registered for: ADMIN-SERVICE/LTIN560762.cts.com:admin-service:9091
2025-02-04 00:32:39 [http-nio-8761-exec-9] INFO  c.n.e.resources.InstanceResource - Not Found (Cancel): ADMIN-SERVICE - LTIN560762.cts.com:admin-service:9091
2025-02-04 00:32:39 [TaskBatchingWorker-target_localhost-2] WARN  c.n.eureka.cluster.ReplicationTask - The replication of task ADMIN-SERVICE/LTIN560762.cts.com:admin-service:9091:Cancel@localhost failed with response code 404
2025-02-04 00:32:39 [TaskBatchingWorker-target_localhost-2] WARN  c.n.eureka.cluster.PeerEurekaNode - ADMIN-SERVICE/LTIN560762.cts.com:admin-service:9091:Cancel@localhost: missing entry.
2025-02-04 00:32:40 [http-nio-8761-exec-3] INFO  c.n.e.r.AbstractInstanceRegistry - Registered instance ADMIN-SERVICE/LTIN560762.cts.com:admin-service:8085 with status UP (replication=false)
2025-02-04 00:32:40 [http-nio-8761-exec-2] INFO  c.n.e.r.AbstractInstanceRegistry - Registered instance ADMIN-SERVICE/LTIN560762.cts.com:admin-service:8085 with status UP (replication=true)
2025-02-04 00:32:41 [http-nio-8761-exec-6] INFO  c.n.e.r.AbstractInstanceRegistry - Registered instance ADMIN-SERVICE/LTIN560762.cts.com:admin-service:9091 with status UP (replication=false)
2025-02-04 00:32:41 [http-nio-8761-exec-8] INFO  c.n.e.r.AbstractInstanceRegistry - Registered instance ADMIN-SERVICE/LTIN560762.cts.com:admin-service:9091 with status UP (replication=true)
2025-02-04 00:32:46 [Eureka-EvictionTimer] INFO  c.n.e.r.AbstractInstanceRegistry - Running the evict task with compensationTime 0ms
2025-02-04 00:32:56 [http-nio-8761-exec-9] INFO  c.n.e.r.AbstractInstanceRegistry - Registered instance USER-SERVICE/LTIN560762.cts.com:user-service:8087 with status DOWN (replication=false)
2025-02-04 00:32:56 [http-nio-8761-exec-5] INFO  c.n.e.r.AbstractInstanceRegistry - Registered instance USER-SERVICE/LTIN560762.cts.com:user-service:8087 with status DOWN (replication=true)
2025-02-04 00:32:59 [http-nio-8761-exec-3] INFO  c.n.e.r.AbstractInstanceRegistry - Cancelled instance USER-SERVICE/LTIN560762.cts.com:user-service:8087 (replication=false)
2025-02-04 00:32:59 [http-nio-8761-exec-6] WARN  c.n.e.r.AbstractInstanceRegistry - DS: Registry: cancel failed because Lease is not registered for: USER-SERVICE/LTIN560762.cts.com:user-service:8087
2025-02-04 00:32:59 [http-nio-8761-exec-6] INFO  c.n.e.resources.InstanceResource - Not Found (Cancel): USER-SERVICE - LTIN560762.cts.com:user-service:8087
2025-02-04 00:32:59 [TaskBatchingWorker-target_localhost-4] WARN  c.n.eureka.cluster.ReplicationTask - The replication of task USER-SERVICE/LTIN560762.cts.com:user-service:8087:Cancel@localhost failed with response code 404
2025-02-04 00:32:59 [TaskBatchingWorker-target_localhost-4] WARN  c.n.eureka.cluster.PeerEurekaNode - USER-SERVICE/LTIN560762.cts.com:user-service:8087:Cancel@localhost: missing entry.
2025-02-04 00:33:01 [http-nio-8761-exec-4] INFO  c.n.e.r.AbstractInstanceRegistry - Registered instance USER-SERVICE/LTIN560762.cts.com:user-service:8087 with status UP (replication=false)
2025-02-04 00:33:01 [http-nio-8761-exec-1] INFO  c.n.e.r.AbstractInstanceRegistry - Registered instance USER-SERVICE/LTIN560762.cts.com:user-service:8087 with status UP (replication=true)
2025-02-04 00:33:46 [Eureka-EvictionTimer] INFO  c.n.e.r.AbstractInstanceRegistry - Running the evict task with compensationTime 0ms
2025-02-04 00:34:31 [RMI TCP Connection(34)-127.0.0.1] INFO  o.s.b.a.SpringApplicationAdminMXBeanRegistrar$SpringApplicationAdmin - Application shutdown requested.
2025-02-04 00:34:31 [RMI TCP Connection(34)-127.0.0.1] INFO  o.s.c.n.e.s.EurekaServiceRegistry - Unregistering application EUREKASERVER with eureka with status DOWN
2025-02-04 00:34:31 [RMI TCP Connection(34)-127.0.0.1] INFO  o.s.b.w.e.tomcat.GracefulShutdown - Commencing graceful shutdown. Waiting for active requests to complete
2025-02-04 00:34:31 [tomcat-shutdown] INFO  o.a.coyote.http11.Http11NioProtocol - Pausing ProtocolHandler ["http-nio-8761"]
2025-02-04 00:34:31 [tomcat-shutdown] INFO  o.s.b.w.e.tomcat.GracefulShutdown - Graceful shutdown complete
2025-02-04 00:34:31 [RMI TCP Connection(34)-127.0.0.1] INFO  o.a.coyote.http11.Http11NioProtocol - Stopping ProtocolHandler ["http-nio-8761"]
2025-02-04 00:34:31 [RMI TCP Connection(34)-127.0.0.1] INFO  o.s.c.n.e.s.EurekaServerBootstrap - Shutting down Eureka Server..
2025-02-04 00:34:31 [RMI TCP Connection(34)-127.0.0.1] INFO  c.n.e.DefaultEurekaServerContext - Shutting down ...
2025-02-04 00:34:31 [RMI TCP Connection(34)-127.0.0.1] INFO  c.n.e.DefaultEurekaServerContext - Shut down
2025-02-04 00:34:31 [RMI TCP Connection(34)-127.0.0.1] INFO  o.s.c.n.e.s.EurekaServerBootstrap - Eureka Service is now shutdown...
2025-02-04 00:34:31 [RMI TCP Connection(34)-127.0.0.1] INFO  c.n.e.DefaultEurekaServerContext - Shutting down ...
2025-02-04 00:34:31 [RMI TCP Connection(34)-127.0.0.1] INFO  c.n.e.DefaultEurekaServerContext - Shut down
2025-02-04 00:34:31 [Eureka-Jersey3Client-Conn-Cleaner2] ERROR c.n.d.s.t.j.EurekaJersey3ClientImpl - Cannot clean connections
java.lang.IllegalStateException: Client instance has been closed.
	at org.glassfish.jersey.internal.guava.Preconditions.checkState(Preconditions.java:169)
	at org.glassfish.jersey.client.JerseyClient.checkNotClosed(JerseyClient.java:248)
	at org.glassfish.jersey.client.JerseyClient.getConfiguration(JerseyClient.java:363)
	at org.glassfish.jersey.client.JerseyClient.getConfiguration(JerseyClient.java:54)
	at com.netflix.discovery.shared.transport.jersey3.EurekaJersey3ClientImpl$ConnectionCleanerTask.run(EurekaJersey3ClientImpl.java:338)
	at java.base/java.util.concurrent.Executors$RunnableAdapter.call(Executors.java:572)
	at java.base/java.util.concurrent.FutureTask.run(FutureTask.java:317)
	at java.base/java.util.concurrent.ScheduledThreadPoolExecutor$ScheduledFutureTask.run(ScheduledThreadPoolExecutor.java:304)
	at java.base/java.util.concurrent.ThreadPoolExecutor.runWorker(ThreadPoolExecutor.java:1144)
	at java.base/java.util.concurrent.ThreadPoolExecutor$Worker.run(ThreadPoolExecutor.java:642)
	at java.base/java.lang.Thread.run(Thread.java:1583)
2025-02-04 00:34:31 [RMI TCP Connection(34)-127.0.0.1] INFO  c.netflix.discovery.DiscoveryClient - Shutting down DiscoveryClient ...
2025-02-04 00:34:31 [RMI TCP Connection(34)-127.0.0.1] INFO  c.netflix.discovery.DiscoveryClient - Completed shut down of DiscoveryClient
